This is TeX, Version 3.1415N (C version 6.1) (format=latex 94.9.13)  29 DEC 1996 08:23
**main.tex
(main.tex
LaTeX2e <1994/06/01> patch level 3
Hyphenation patterns for english, usa, german, swedish, loaded.
(/usr/lib/texmf/tex/latex/latex/report.cls
Document Class: report 1994/07/13 v1.2u Standard LaTeX document class
(/usr/lib/texmf/tex/latex/latex/size10.clo
File: size10.clo 1994/07/13 v1.2u Standard LaTeX file (size option)
)
\c@part=\count82
\c@chapter=\count83
\c@section=\count84
\c@subsection=\count85
\c@subsubsection=\count86
\c@paragraph=\count87
\c@subparagraph=\count88
\c@figure=\count89
\c@table=\count90
\abovecaptionskip=\skip41
\belowcaptionskip=\skip42
\bibindent=\dimen102
)
\@input{frenchquote.aux}
(frenchquote.tex)
\@input{epsf.aux}
(/usr/lib/texmf/tex/dvips/epsf.tex
\epsffilein=\read1
\epsfxsize=\dimen103
\epsfysize=\dimen104
\epsftsize=\dimen105
\epsfrsize=\dimen106
\epsftmp=\dimen107
\pspoints=\dimen108
)
\@input{fidelmap.aux}
(fidelmap.tex) (main.aux)
LaTeX Font Info:    Checking defaults for T1/cmr/m/n on input line 15.
LaTeX Font Info:    ... okay on input line 15.
LaTeX Font Info:    Checking defaults for OT1/cmr/m/n on input line 15.
LaTeX Font Info:    ... okay on input line 15.
LaTeX Font Info:    Checking defaults for OML/cmm/m/it on input line 15.
LaTeX Font Info:    ... okay on input line 15.
LaTeX Font Info:    Checking defaults for OMS/cmsy/m/n on input line 15.
LaTeX Font Info:    ... okay on input line 15.
LaTeX Font Info:    Checking defaults for OMX/cmex/m/n on input line 15.
LaTeX Font Info:    ... okay on input line 15.
LaTeX Font Info:    Checking defaults for U/cmr/m/n on input line 15.
LaTeX Font Info:    ... okay on input line 15.
LaTeX Info: Redefining \" on input line 15.
LaTeX Info: Redefining \" on input line 15.
 (intro.tex
Underfull \hbox (badness 10000) in paragraph at lines 4--9

 []


Underfull \hbox (badness 10000) in paragraph at lines 10--14

 []

) (letr2.tex
Underfull \hbox (badness 10000) in paragraph at lines 15--1

 []

LaTeX Font Info:    External font `cmex10' loaded for size
(Font)              <7> on input line 8.
LaTeX Font Info:    External font `cmex10' loaded for size
(Font)              <5> on input line 8.

Underfull \hbox (badness 10000) in paragraph at lines 4--11

 []


Underfull \hbox (badness 10000) in paragraph at lines 12--19

 []


Underfull \hbox (badness 10000) in paragraph at lines 20--23

 []

[1







]
Underfull \hbox (badness 10000) in paragraph at lines 26--28

 []


Overfull \hbox (85.22559pt too wide) in paragraph at lines 29--119
|  [] 
 []


Underfull \hbox (badness 10000) in paragraph at lines 29--119

 []

) (punct3.tex
Underfull \hbox (badness 10000) in paragraph at lines 5--14

 []

[2]
Underfull \hbox (badness 10000) in paragraph at lines 15--23

 []


Underfull \hbox (badness 10000) in paragraph at lines 24--29

 []

[3]
Underfull \hbox (badness 10000) in paragraph at lines 66--69

 []


Underfull \hbox (badness 10000) in paragraph at lines 78--84

 []


Underfull \hbox (badness 10000) in paragraph at lines 85--88

 []


Underfull \hbox (badness 10000) in paragraph at lines 90--105

 []

) (numbers.tex
Underfull \hbox (badness 10000) in paragraph at lines 4--9

 []


Underfull \hbox (badness 10000) in paragraph at lines 10--13

 []


Underfull \hbox (badness 10000) in paragraph at lines 14--16

 []

)
Underfull \hbox (badness 10000) in paragraph at lines 17--28

 []

[4] (examples.tex
Underfull \hbox (badness 10000) in paragraph at lines 3--5

 []

LaTeX Font Info:    External font `cmex10' loaded for size
(Font)              <12> on input line 7.
LaTeX Font Info:    External font `cmex10' loaded for size
(Font)              <8> on input line 7.
LaTeX Font Info:    External font `cmex10' loaded for size
(Font)              <6> on input line 7.

Underfull \hbox (badness 10000) in paragraph at lines 6--8

 []


Underfull \hbox (badness 10000) in paragraph at lines 9--11

 []


Overfull \hbox (39.63951pt too wide) in paragraph at lines 12--21
[] 
 []


Underfull \hbox (badness 10000) in paragraph at lines 12--21

 []


Underfull \hbox (badness 10000) in paragraph at lines 22--24

 []


Underfull \hbox (badness 10000) in paragraph at lines 25--27

 []


Overfull \hbox (18.04007pt too wide) in paragraph at lines 28--36
[] 
 []


Underfull \hbox (badness 10000) in paragraph at lines 28--36

 []


Underfull \hbox (badness 10000) in paragraph at lines 38--40

 []


Underfull \hbox (badness 10000) in paragraph at lines 50--50

 []


Underfull \hbox (badness 10000) in paragraph at lines 50--50

 []


Overfull \hbox (16.34999pt too wide) in paragraph at lines 41--51
$[]$ 
 []


Underfull \hbox (badness 10000) in paragraph at lines 41--51

 []


Underfull \hbox (badness 10000) in paragraph at lines 52--54

 []


Underfull \hbox (badness 10000) in paragraph at lines 65--65

 []


Overfull \hbox (16.34999pt too wide) in paragraph at lines 55--66
$[]$ 
 []


Underfull \hbox (badness 10000) in paragraph at lines 55--66

 []

) [5] (main.aux) ) 
Here is how much of TeX's memory you used:
 719 strings out of 10935
 4410 string characters out of 67003
 79507 words of memory out of 262141
 3612 multiletter control sequences out of 9500
 11295 words of font info for 34 fonts, out of 200000 for 512
 14 hyphenation exceptions out of 607
 21i,13n,18p,210b,209s stack positions out of 300i,40n,60p,3000b,4000s

Output written on main.dvi (5 pages, 35740 bytes).
