This is METAFONT, Version 2.718 (C version 6.1.3N) (base=mf 97.9.21)  10 JAN 1998 23:31
**\mode=local; mag=magstep(3); input ethbs10
(ethbs10.mf (/usr/lib/texmf/fonts/public/cm/orig/source/cmbase.mf) (ethb_drv.mf
(ethiomac.mf) (ethb_cod.mf
undefined character [1]
undefined character [6]
undefined character [7]
undefined character [9]
undefined character [14]
undefined character [15]
undefined character [17]
undefined character [22]
undefined character [23]
undefined character [25]
undefined character [30]
undefined character [31]
undefined character [36]
undefined character [37]
undefined character [38]
undefined character [39]
undefined character [43]
undefined character [44]
undefined character [45]
undefined character [46]
undefined character [47]
undefined character [48]
undefined character [69]
undefined character [70]
undefined character [71]
undefined character [103]
undefined character [119]
undefined character [143]
undefined character [175]
undefined character [223]
undefined character [231]
undefined character [239]
undefined character [247]
undefined character [255]) (eth__a.mf
The letter 'a [128]
The letter 'U [129]
The letter 'I [130]
The letter 'A [131]
The letter 'E [132]
The letter 'e [133]
The letter 'O [134]
The letter 'ua [135]) (eth_acce.mf
d accent [32]
Rassigea accent [35]
Girigea accent [33]
rass accent [34]) (eth_c_c.mf
The letter ^ca [104]
The letter ^cU [105]
The letter ^cI [106]
The letter ^cA [107]
The letter ^cE [108]
The letter ^ce [109]
The letter ^cO [110]
The letter ^cuA [111]) (eth_cc.mf
The letter Ca [216]
The letter CU [217]
The letter CI [218]
The letter CA [219]
The letter CE [220]
The letter Ce [221]
The letter CO [222]) (eth_cc_c.mf
The letter ^Ca [184]
The letter ^CU [185]
The letter ^CI [186]
The letter ^CA [187]
The letter ^CE [188]
The letter ^Ce [189]
The letter ^CO [190]
The letter ^CuA [191]) (eth_ccc2.mf
The variant letter ^Ca [192]
The variant letter ^CU [193]
The variant letter ^CI [194]
The variant letter ^CA [195]
The variant letter ^CE [196]
The variant letter ^Ce [197]
The variant letter ^CO [198]
The variant letter ^CuA [199]) (eth_dd.mf
The letter Da [152]
The letter DU [153]
The letter DI [154]
The letter DA [155]
The letter DE [156]
The letter De [157]
The letter DO [158]
The letter DuA [159]) (eth_g_a.mf
The letter 'ga [248]
The letter 'gU [249]
The letter 'gI [250]
The letter 'gA [251]
The letter 'gE [252]
The letter 'ge [253]
The letter 'gO [254]) (eth_gg.mf
The letter Ga [168]
The letter GU [169]
The letter GI [170]
The letter GA [171]
The letter GE [172]
The letter Ge [173]
The letter GO [174]) (eth_ggu.mf
The letter Gua [24]
The letter Gue [29]
The letter GuI [26]
The letter GuA [27]
The letter GuE [28]) (eth_h_a.mf
The letter 'ha [240]
The letter 'hU [241]
The letter 'hI [242]
The letter 'hA [243]
The letter 'hE [244]
The letter 'he [245]
The letter 'hO [246]) (eth_h_c.mf
The letter ^ha [112]
The letter ^hU [113]
The letter ^hI [114]
The letter ^hA [115]
The letter ^hE [116]
The letter ^he [117]
The letter ^hO [118]) (eth_hh.mf
The letter \d ha [72]
The letter HU [73]
The letter HI [74]
The letter HA [75]
The letter HE [76]
The letter He [77]
The letter HO [78]
The letter HuA [79]) (eth_hu_c.mf
The letter ^hua [8]
The letter ^hue [13]
The letter ^huI [10]
The letter ^huA [11]
The letter ^huE [12]) (eth_j.mf
The letter ja [160]
The letter jU [161]
The letter jI [162]
The letter jA [163]
The letter jE [164]
The letter je [165]
The letter jO [166]
The letter juA [167]) (eth_k_a.mf
The letter 'ka [232]
The letter 'kU [233]
The letter 'kI [234]
The letter 'kA [235]
The letter 'kE [236]
The letter 'ke [237]
The letter 'kO [238]) (eth_kk.mf
The letter Ka [136]
The letter KU [137]
The letter KI [138]
The letter KA [139]
The letter KE [140]
The letter Ke [141]
The letter KO [142]) (eth_kku.mf
The letter Kua [16]
The letter Kue [21]
The letter KuI [18]
The letter KuA [19]
The letter KuE [20]) (eth_mrf.mf
The letter ~mA [40]
The letter ~ri [41]
The letter ~fi [42]) (eth_nn.mf
The letter Na [120]
The letter NU [121]
The letter NI [122]
The letter NA [123]
The letter NE [124]
The letter Ne [125]
The letter NO [126]
The letter NuA [127]) (eth_num.mf
The numeral 10000 [68]
The numeral 100 [67]
The numeral 90 [66]
The numeral 80 [65]
The numeral 70 [64]
The numeral 60 [63]
The numeral 50 [62]
The numeral 40 [61]
The numeral 30 [60]
The numeral 20 [59]
The numeral 10 [58]
The numeral 9 [57]
The numeral 8 [56]
The numeral 7 [55]
The numeral 6 [54]
The numeral 5 [53]
The numeral 4 [52]
The numeral 3 [51]
The numeral 2 [50]
The numeral 1 [49]) (eth_pp.mf
The letter Pa [200]
The letter PU [201]
The letter PI [202]
The letter PA [203]
The letter PE [204]
The letter Pe [205]
The letter PO [206]
The letter PuA [207]) (eth_q_a.mf
The letter 'qa [224]
The letter 'qU [225]
The letter 'qI [226]
The letter 'qA [227]
The letter 'qE [228]
The letter 'qe [229]
The letter 'qO [230]) (eth_qq.mf
The letter Qa [96]
The letter QU [97]
The letter QI [98]
The letter QA [99]
The letter QE [100]
The letter Qe [101]
The letter QO [102]) (eth_qqu.mf
The letter Qua [0]
The letter Que [5]
The letter QuI [2]
The letter QuA [3]
The letter QuE [4]) (eth_s_a.mf
The letter 'sa [80]
The letter 'sU [81]
The letter 'sI [82]
The letter 'sA [83]
The letter 'sE [84]
The letter 'se [85]
The letter 'sO [86]
The letter 'suA [87]) (eth_s_c.mf
The letter ^sa [88]
The letter ^sU [89]
The letter ^sI [90]
The letter ^sA [91]
The letter ^sE [92]
The letter ^se [93]
The letter ^sO [94]
The letter ^suA [95]) (eth_ss.mf
The letter Sa [208]
The letter SU [209]
The letter SI [210]
The letter SA [211]
The letter SE [212]
The letter Se [213]
The letter SO [214]
The letter SuA [215]) (eth_tt.mf
The letter Ta [176]
The letter TU [177]
The letter TI [178]
The letter TA [179]
The letter TE [180]
The letter Te [181]
The letter TO [182]
The letter TuA [183]) (eth_z_c.mf
The letter ^za [144]
The letter ^zU [145]
The letter ^zI [146]
The letter ^zA [147]
The letter ^zE [148]
The letter ^ze [149]
The letter ^zO [150]
The letter ^zuA [151]) (ethb_lig.mf) ) )
Output written on ethbs10.4496gf (256 characters, 876456 bytes).
