This is METAFONT, Version 2.718 (C version 6.1.3N) (base=mf 97.9.21)  21 SEP 1997 09:44
**\mode:=localfont; mag:=1+0/300; scrollmode; input ethbsb12
(ethbsb12.mf (/usr/lib/texmf/fonts/public/cm/orig/source/cmbase.mf)
(ethb_drv.mf (ethiomac.mf) (ethb_cod.mf [1] [6] [7] [9] [14] [15] [17] [22]
[23] [25] [30] [31] [36] [37] [38] [39] [43] [44] [45] [46] [47] [48] [69]
[70] [71] [103] [119] [143] [175] [223] [231] [239] [247] [255]) (eth__a.mf
[128] [129] [130] [131] [132] [133] [134] [135]) (eth_acce.mf [32] [35]
[33] [34]) (eth_c_c.mf [104] [105] [106] [107] [108] [109] [110] [111])
(eth_cc.mf [216] [217] [218] [219] [220] [221] [222]) (eth_cc_c.mf [184]
[185] [186] [187] [188] [189] [190] [191]) (eth_ccc2.mf [192] [193] [194]
[195] [196] [197] [198] [199]) (eth_dd.mf [152] [153] [154] [155] [156]
[157] [158] [159]) (eth_g_a.mf [248] [249] [250] [251] [252] [253] [254])
(eth_gg.mf [168] [169] [170] [171] [172] [173] [174]) (eth_ggu.mf [24] [29]
[26] [27] [28]) (eth_h_a.mf [240] [241] [242] [243] [244] [245] [246])
(eth_h_c.mf [112] [113] [114] [115] [116] [117] [118]) (eth_hh.mf [72] [73]
[74] [75] [76] [77] [78] [79]) (eth_hu_c.mf [8] [13] [10] [11] [12]) (eth_j.mf
[160] [161] [162] [163] [164] [165] [166] [167]) (eth_k_a.mf [232] [233]
[234] [235] [236] [237] [238]) (eth_kk.mf [136] [137] [138] [139] [140]
[141] [142]) (eth_kku.mf [16] [21] [18] [19] [20]) (eth_mrf.mf [40] [41]
[42]) (eth_nn.mf [120] [121] [122] [123] [124] [125] [126] [127]) (eth_num.mf
[68] [67] [66] [65] [64] [63] [62] [61] [60] [59] [58] [57] [56] [55] [54]
[53] [52] [51] [50] [49]) (eth_pp.mf [200] [201] [202] [203] [204] [205]
[206] [207]) (eth_q_a.mf [224] [225] [226] [227] [228] [229] [230]) (eth_qq.mf
[96] [97] [98] [99] [100] [101] [102]) (eth_qqu.mf [0] [5] [2] [3] [4])
(eth_s_a.mf [80] [81] [82] [83] [84] [85] [86] [87]) (eth_s_c.mf [88] [89]
[90] [91] [92] [93] [94] [95]) (eth_ss.mf [208] [209] [210] [211] [212]
[213] [214] [215]) (eth_tt.mf [176] [177] [178] [179] [180] [181] [182]
[183]) (eth_z_c.mf [144] [145] [146] [147] [148] [149] [150] [151])
(ethb_lig.mf) ) )
Font metrics written on ethbsb12.tfm.
Output written on ethbsb12.300gf (256 characters, 35616 bytes).
