This is METAFONT, Version 2.718 (C version 6.1.3N) (base=mf 97.9.20)  20 SEP 1997 20:28
**\mode:=cx; designsize:=300; input ethio6
(ethio6.mf (/usr/lib/texmf/fonts/public/cm/orig/source/cmbase.mf) (ethiodvr.mf
(ethiopic.mac) (accent.mf [18] [19] [20] [21] [22] [23] [24] [32] [94] [95]
[125] [126] [127]) (romand.mf [48] [49] [50] [51] [52] [53] [54] [55] [56]
[57]) (ethromp.mf [36] [38] [63] [32] [46] [47] [59] [58] [91] [93]) (punct.mf
[33] [35] [37] [40] [41] [42] [43] [34] [61] [64] [96] [39] [45] [44])
(ethiob.mf [98] [140] [141] [142] [143] [144] [145]) (ethioc.mf [99] [146]
[147] [148] [149] [150] [151]) (ethioch.mf [118] [84] [83] [82] [81] [80]
[79]) (ethiod.mf [100] [152] [153] [154] [155] [156] [157]) (ethioe.mf [101]
[158] [159] [160] [161] [162] [163]) (ethiof.mf [102] [164] [165] [166]
[167] [168] [169]) (ethiog.mf [103] [170] [171] [172] [173] [174] [175])
(ethioh.mf [104] [176] [177] [178] [179] [180] [181]) (ethioi.mf [105] [182]
[183] [184] [185] [186] [187]) (ethioj.mf [106] [188] [189] [190] [191]
[192] [193]) (ethiok.mf [107] [194] [195] [196] [197] [198] [199]) (ethiol.mf
[108] [200] [201] [202] [203] [204] [205]) (ethiom.mf [109] [206] [207]
[208] [209] [210] [211]) (ethion.mf [110] [212] [213] [214] [215] [216]
[217]) (ethioo.mf [97] [134] [135] [136] [137] [138] [139]) (ethiop.mf [8]
[9] [10] [11] [12] [13] [14]) (ethiopp.mf [112] [224] [225] [226] [227]
[228] [229]) (ethioq.mf [113] [230] [231] [232] [233] [234] [235]) (ethior.mf
[114] [236] [237] [238] [239] [240] [241]) (ethiosh.mf [117] [90] [89] [88]
[87] [86] [85]) (ethiot.mf [116] [248] [249] [250] [251] [252] [253])
(ethiott.mf [120] [72] [71] [70] [69] [68] [67]) (ethiov.mf [115] [242]
[243] [244] [245] [246] [247]) (ethiow.mf [119] [78] [77] [76] [75] [74]
[73]) (ethioyn.mf [111] [218] [219] [220] [221] [222] [223]) (ethioz.mf
[122] [128] [129] [130] [131] [132] [133]) (ethiozz.mf [1] [2] [3] [4] [5]
[6] [7]) (comlig.mf [45] [92] [123] [124]) ) )
Font metrics written on ethio6.tfm.
Output written on ethio6.300gf (240 characters, 16736 bytes).
