This is METAFONT, Version 2.718 (C version 6.1.3N) (base=mf 97.9.20)  20 SEP 1997 19:58
**\mode=local;

*input ethio6
(ethio6.mf (/usr/lib/texmf/fonts/public/cm/orig/source/cmbase.mf) (ethiodvr.mf
(ethiopic.mac) (accent.mf
Grave accent [18]
The letter d-accent [19]
The letter Ethiopic punctuation Rassigea [20]
The letter Ethiopic punctuation Girigea [21]
The letter Ethiopic punctuation Rass [22]
The letter Ethiopic punctuation nettebitabe [23]
Cedilla accent [24]
Cross for Polish l and L [32]
Circumflex (hat) accent [94]
Dot accent [95]
Long Hungarian umlaut accent [125]
Tilde (squiggle) accent [126]
Umlaut (double dot) accent [127]) (romand.mf
The numeral 0 [48]
The numeral 1 [49]
The numeral 2 [50]
The numeral 3 [51]
The numeral 4 [52]
The numeral 5 [53]
The numeral 6 [54]
The numeral 7 [55]
The numeral 8 [56]
The numeral 9 [57]) (ethromp.mf
Dollar sign [36]
Ampersand [38]
Question mark [63]
blank space [32]
The character nettib [46]
The character netela-serez [47]
The character der-ebe-serez [59]
Colon (The character ie-kete-lale) [58]
Left bracket [91]
Right bracket [93]) (punct.mf
Exclamation point [33]
Hash mark (number sign) [35]
Per cent sign [37]
Left parenthesis [40]
Right parenthesis [41]
Asterisk [42]
Plus sign [43]
Period [34]
Equals sign [61]
At sign [64]
Reverse apostrophe [96]
Apostrophe [39]
Hyphen [45]
Comma [44]) (ethiob.mf
The letter B1.MF [98]
The letter B2.MF [140]
The letter B3.MF [141]
The letter B4.MF [142]
The letter B5.MF [143]
The letter B6.MF [144]
The letter B7.MF [145]) (ethioc.mf
The letter c1.MF [99]
The letter c2.MF [146]
The letter c3.MF [147]
The letter c4.MF [148]
The letter c5.MF [149]
The letter c6.MF [150]
The letter c7.MF [151]) (ethioch.mf
The letter ch1.mf [118]
The letter ch2.mf [84]
The letter ch3.mf [83]
The letter ch4.mf [82]
The letter ch5.mf [81]
The letter ch6.mf [80]
The letter ch7.MF [79]) (ethiod.mf
The letter d1.mf [100]
The letter d2.mf [152]
The letter d3.mf [153]
The letter d4.mf [154]
The letter d5.mf [155]
The letter d6.mf [156]
The letter d7.mf [157]) (ethioe.mf
The letter jj1.mf [101]
The letter jj2.mf [158]
The letter jj3.mf [159]
The letter jj4.mf [160]
The letter jj5.mf [161]
The letter jj6.mf [162]
The letter jj7.mf [163]) (ethiof.mf
The letter F1.MF [102]
The letter F2.MF [164]
The letter F3.MF [165]
The letter F4.MF [166]
The letter F5.MF [167]
The letter F6.MF [168]
The letter F7.MF [169]) (ethiog.mf
The letter g1 [103]
The letter g2 [170]
The letter g3 [171]
The letter g4 [172]
The letter g5 [173]
The letter g6 [174]
The letter g7 [175]) (ethioh.mf
The letter h [104]
The letter h [176]
The letter h3 [177]
The letter h4 [178]
The letter h5 [179]
The letter h6 [180]
The letter h7 [181]) (ethioi.mf
The letter y1 [105]
The letter y2 [182]
The letter y3 [183]
The letter y4 [184]
The letter y5 [185]
The letter y6 [186]
The letter y7 [187]) (ethioj.mf
The letter j1.mf [106]
The letter d2.mf [188]
The letter d3.mf [189]
The letter d4.mf [190]
The letter j5.mf [191]
The letter j6.mf [192]
The letter d7.mf [193]) (ethiok.mf
The letter k1 [107]
The letter k2 [194]
The letter k3 [195]
The letter k4 [196]
The letter k5 [197]
The letter k6 [198]
The letter k7 [199]) (ethiol.mf
The letter l1 [108]
The letter l2 [200]
The letter l3 [201]
The letter l4 [202]
The letter l5 [203]
The letter l6 [204]
The letter l7 [205]) (ethiom.mf
The letter m1 [109]
The letter m2 [206]
The letter m3 [207]
The letter m4 [208]
The letter m5 [209]
The letter m6 [210]
The letter m7 [211]) (ethion.mf
The letter n1 [110]
The letter n2 [212]
The letter n3 [213]
The letter n4 [214]
The letter n5 [215]
The letter n6 [216]
The letter n7 [217]) (ethioo.mf
The letter o1 [97]
The letter o2 [134]
The letter o3 [135]
The letter o4 [136]
The letter o5 [137]
The letter o6 [138]
The letter o7 [139]) (ethiop.mf
The letter p1 [8]
The letter p2 [9]
The letter p3 [10]
The letter p4 [11]
The letter p5 [12]
The letter p6 [13]
The letter p7 [14]) (ethiopp.mf
The letter pp1 [112]
The letter pp2 [224]
The letter pp3 [225]
The letter pp4 [226]
The letter pp5 [227]
The letter pp6 [228]
The letter pp7 [229]) (ethioq.mf
The letter q1 [113]
The letter q2 [230]
The letter q3 [231]
The letter q4 [232]
The letter q5 [233]
The letter q6 [234]
The letter q7 [235]) (ethior.mf
The letter R1 [114]
The letter R2 [236]
The letter R3 [237]
The letter R4 [238]
The letter R5 [239]
The letter R6 [240]
The letter R7 [241]) (ethiosh.mf
The letter sh1 [117]
The letter sh2 [90]
The letter sh3 [89]
The letter sh4 [88]
The letter sh5 [87]
The letter sh6 [86]
The letter sh7 [85]) (ethiot.mf
The letter t1 [116]
The letter t2 [248]
The letter t3 [249]
The letter t4 [250]
The letter t5 [251]
The letter t6 [252]
The letter t7 [253]) (ethiott.mf
The letter tt1 [120]
The letter tt2 [72]
The letter tt3 [71]
The letter tt4 [70]
The letter tt5 [69]
The letter tt6 [68]
The letter tt7 [67]) (ethiov.mf
The letter v1 [115]
The letter v2 [242]
The letter v3 [243]
The letter v4 [244]
The letter v5 [245]
The letter v6 [246]
The letter v7 [247]) (ethiow.mf
The letter w1 [119]
The letter w2 [78]
The letter w [77]
The letter w [76]
The letter w5 [75]
The letter w6 [74]
The letter w7.MF [73]) (ethioyn.mf
The letter yn1 [111]
The letter yn2 [218]
The letter yn3 [219]
The letter yn4 [220]
The letter yn5 [221]
The letter yn6 [222]
The letter yn7 [223]) (ethioz.mf
The letter z1 [122]
The letter z2 [128]
The letter z3 [129]
The letter z4 [130]
The letter z5 [131]
The letter z6 [132]
The letter z7 [133]) (ethiozz.mf
The letter zz1 [1]
The letter zz2 [2]
The letter zz3 [3]
The letter zz4 [4]
The letter zz5 [5]
The letter zz6 [6]
The letter zz7 [7]) (comlig.mf
Hyphen [45]
Opening quotes [92]
En dash [123]
Em dash [124]) ) )
Output written on mfput.2602gf (240 characters, 379304 bytes).
